<?xml version="1.0" encoding="UTF-8"?>
<testng-results skipped="0" failed="0" ignored="0" total="1" passed="1">
  <reporter-output>
  </reporter-output>
  <suite name="Default suite" duration-ms="30628" started-at="2022-02-10T08:43:08 CST" finished-at="2022-02-10T08:43:39 CST">
    <groups>
    </groups>
    <test name="Default test" duration-ms="30628" started-at="2022-02-10T08:43:08 CST" finished-at="2022-02-10T08:43:39 CST">
      <class name="ableToAddCategory.DropDown">
        <test-method status="PASS" signature="init()[pri:0, instance:ableToAddCategory.DropDown@307f6b8c]" name="init" is-config="true" duration-ms="2844" started-at="2022-02-10T08:43:09 CST" finished-at="2022-02-10T08:43:11 CST">
          <reporter-output>
          </reporter-output>
        </test-method> <!-- init -->
        <test-method status="PASS" signature="DueDateDropdown()[pri:0, instance:ableToAddCategory.DropDown@307f6b8c]" name="DueDateDropdown" duration-ms="27153" started-at="2022-02-10T08:43:11 CST" finished-at="2022-02-10T08:43:39 CST">
          <reporter-output>
          </reporter-output>
        </test-method> <!-- DueDateDropdown -->
        <test-method status="PASS" signature="tearDown()[pri:0, instance:ableToAddCategory.DropDown@307f6b8c]" name="tearDown" is-config="true" duration-ms="605" started-at="2022-02-10T08:43:39 CST" finished-at="2022-02-10T08:43:39 CST">
          <reporter-output>
          </reporter-output>
        </test-method> <!-- tearDown -->
      </class> <!-- ableToAddCategory.DropDown -->
    </test> <!-- Default test -->
  </suite> <!-- Default suite -->
</testng-results>
